CRITICAL - 2025-06-01 03:19:36 --> CodeIgniter\Filters\Exceptions\FilterException: "ajax" filter must have a matching alias defined.
[Method: POST, Route: grading/save/7]
in SYSTEMPATH\Filters\Filters.php on line 590.
 1 SYSTEMPATH\Filters\Filters.php(590): CodeIgniter\Filters\Exceptions\FilterException::forNoAlias('ajax')
 2 SYSTEMPATH\Filters\Filters.php(641): CodeIgniter\Filters\Filters->enableFilter('ajax', 'before')
 3 SYSTEMPATH\CodeIgniter.php(467): CodeIgniter\Filters\Filters->enableFilters([...], 'before')
 4 SYSTEMPATH\CodeIgniter.php(354): CodeIgniter\CodeIgniter->handleRequest(null, Object(Config\Cache), false)
 5 SYSTEMPATH\Boot.php(334): CodeIgniter\CodeIgniter->run()
 6 SYSTEMPATH\Boot.php(67): CodeIgniter\Boot::runCodeIgniter(Object(CodeIgniter\CodeIgniter))
 7 FCPATH\index.php(56): CodeIgniter\Boot::bootWeb(Object(Config\Paths))
ERROR - 2025-06-01 03:20:54 --> mysqli_sql_exception: Unknown column 'graded_at' in 'field list' in C:\xampp\htdocs\CrimsonSkillBoost-Web\system\Database\MySQLi\Connection.php:327
Stack trace:
#0 C:\xampp\htdocs\CrimsonSkillBoost-Web\system\Database\MySQLi\Connection.php(327): mysqli->query('UPDATE `submiss...', 0)
#1 C:\xampp\htdocs\CrimsonSkillBoost-Web\system\Database\BaseConnection.php(738): CodeIgniter\Database\MySQLi\Connection->execute('UPDATE `submiss...')
#2 C:\xampp\htdocs\CrimsonSkillBoost-Web\system\Database\BaseConnection.php(652): CodeIgniter\Database\BaseConnection->simpleQuery('UPDATE `submiss...')
#3 C:\xampp\htdocs\CrimsonSkillBoost-Web\system\Database\BaseBuilder.php(2521): CodeIgniter\Database\BaseConnection->query('UPDATE `submiss...', Array, false)
#4 C:\xampp\htdocs\CrimsonSkillBoost-Web\system\Model.php(461): CodeIgniter\Database\BaseBuilder->update()
#5 C:\xampp\htdocs\CrimsonSkillBoost-Web\system\BaseModel.php(1027): CodeIgniter\Model->doUpdate(Array, Array)
#6 C:\xampp\htdocs\CrimsonSkillBoost-Web\system\Model.php(863): CodeIgniter\BaseModel->update(Array, Array)
#7 C:\xampp\htdocs\CrimsonSkillBoost-Web\app\Controllers\Task.php(215): CodeIgniter\Model->update('7', Array)
#8 C:\xampp\htdocs\CrimsonSkillBoost-Web\system\CodeIgniter.php(933): App\Controllers\Task->grade('7')
#9 C:\xampp\htdocs\CrimsonSkillBoost-Web\system\CodeIgniter.php(507): CodeIgniter\CodeIgniter->runController(Object(App\Controllers\Task))
#10 C:\xampp\htdocs\CrimsonSkillBoost-Web\system\CodeIgniter.php(354): CodeIgniter\CodeIgniter->handleRequest(NULL, Object(Config\Cache), false)
#11 C:\xampp\htdocs\CrimsonSkillBoost-Web\system\Boot.php(334): CodeIgniter\CodeIgniter->run()
#12 C:\xampp\htdocs\CrimsonSkillBoost-Web\system\Boot.php(67): CodeIgniter\Boot::runCodeIgniter(Object(CodeIgniter\CodeIgniter))
#13 C:\xampp\htdocs\CrimsonSkillBoost-Web\index.php(56): CodeIgniter\Boot::bootWeb(Object(Config\Paths))
#14 {main}
ERROR - 2025-06-01 03:20:54 --> Grade error: Failed to update submission
