CRITICAL - 2025-05-28 13:45:45 --> CodeIgniter\View\Exceptions\ViewException: Invalid file: "courses/index.php"
[Method: GET, Route: course]
in SYSTEMPATH\Exceptions\FrameworkException.php on line 39.
 1 SYSTEMPATH\View\View.php(212): CodeIgniter\Exceptions\FrameworkException::forInvalidFile('courses/index.php')
 2 SYSTEMPATH\Common.php(1173): CodeIgniter\View\View->render('courses/index', [], true)
 3 APPPATH\Controllers\Course.php(15): view('courses/index', [...])
 4 SYSTEMPATH\CodeIgniter.php(933): App\Controllers\Course->index()
 5 SYSTEMPATH\CodeIgniter.php(507): CodeIgniter\CodeIgniter->runController(Object(App\Controllers\Course))
 6 SYSTEMPATH\CodeIgniter.php(354): CodeIgniter\CodeIgniter->handleRequest(null, Object(Config\Cache), false)
 7 SYSTEMPATH\Boot.php(334): CodeIgniter\CodeIgniter->run()
 8 SYSTEMPATH\Boot.php(67): CodeIgniter\Boot::runCodeIgniter(Object(CodeIgniter\CodeIgniter))
 9 FCPATH\index.php(56): CodeIgniter\Boot::bootWeb(Object(Config\Paths))
ERROR - 2025-05-28 18:03:57 --> mysqli_sql_exception: Unknown column 'course_id' in 'where clause' in C:\xampp\htdocs\CrimsonSkillBoost-Web\system\Database\MySQLi\Connection.php:327
Stack trace:
#0 C:\xampp\htdocs\CrimsonSkillBoost-Web\system\Database\MySQLi\Connection.php(327): mysqli->query('SELECT *\nFROM `...', 0)
#1 C:\xampp\htdocs\CrimsonSkillBoost-Web\system\Database\BaseConnection.php(738): CodeIgniter\Database\MySQLi\Connection->execute('SELECT *\nFROM `...')
#2 C:\xampp\htdocs\CrimsonSkillBoost-Web\system\Database\BaseConnection.php(652): CodeIgniter\Database\BaseConnection->simpleQuery('SELECT *\nFROM `...')
#3 C:\xampp\htdocs\CrimsonSkillBoost-Web\system\Database\BaseBuilder.php(1649): CodeIgniter\Database\BaseConnection->query('SELECT *\nFROM `...', Array, false)
#4 C:\xampp\htdocs\CrimsonSkillBoost-Web\system\Model.php(286): CodeIgniter\Database\BaseBuilder->get()
#5 C:\xampp\htdocs\CrimsonSkillBoost-Web\system\BaseModel.php(675): CodeIgniter\Model->doFindAll(0, 0)
#6 C:\xampp\htdocs\CrimsonSkillBoost-Web\app\Controllers\Course.php(54): CodeIgniter\BaseModel->findAll()
#7 C:\xampp\htdocs\CrimsonSkillBoost-Web\system\CodeIgniter.php(933): App\Controllers\Course->view('5')
#8 C:\xampp\htdocs\CrimsonSkillBoost-Web\system\CodeIgniter.php(507): CodeIgniter\CodeIgniter->runController(Object(App\Controllers\Course))
#9 C:\xampp\htdocs\CrimsonSkillBoost-Web\system\CodeIgniter.php(354): CodeIgniter\CodeIgniter->handleRequest(NULL, Object(Config\Cache), false)
#10 C:\xampp\htdocs\CrimsonSkillBoost-Web\system\Boot.php(334): CodeIgniter\CodeIgniter->run()
#11 C:\xampp\htdocs\CrimsonSkillBoost-Web\system\Boot.php(67): CodeIgniter\Boot::runCodeIgniter(Object(CodeIgniter\CodeIgniter))
#12 C:\xampp\htdocs\CrimsonSkillBoost-Web\index.php(56): CodeIgniter\Boot::bootWeb(Object(Config\Paths))
#13 {main}
CRITICAL - 2025-05-28 18:03:57 --> Error: Call to a member function getResult() on bool
[Method: GET, Route: course/view/5]
in SYSTEMPATH\Model.php on line 287.
 1 SYSTEMPATH\BaseModel.php(675): CodeIgniter\Model->doFindAll(0, 0)
 2 APPPATH\Controllers\Course.php(54): CodeIgniter\BaseModel->findAll()
 3 SYSTEMPATH\CodeIgniter.php(933): App\Controllers\Course->view('5')
 4 SYSTEMPATH\CodeIgniter.php(507): CodeIgniter\CodeIgniter->runController(Object(App\Controllers\Course))
 5 SYSTEMPATH\CodeIgniter.php(354): CodeIgniter\CodeIgniter->handleRequest(null, Object(Config\Cache), false)
 6 SYSTEMPATH\Boot.php(334): CodeIgniter\CodeIgniter->run()
 7 SYSTEMPATH\Boot.php(67): CodeIgniter\Boot::runCodeIgniter(Object(CodeIgniter\CodeIgniter))
 8 FCPATH\index.php(56): CodeIgniter\Boot::bootWeb(Object(Config\Paths))
CRITICAL - 2025-05-28 18:17:31 --> ErrorException: Undefined array key "title"
[Method: GET, Route: course/view/5]
in APPPATH\Views\course_view.php on line 5.
 1 APPPATH\Views\course_view.php(5): CodeIgniter\Debug\Exceptions->errorHandler(2, 'Undefined array key "title"', 'C:\\xampp\\htdocs\\CrimsonSkillBoost-Web\\app\\Views\\course_view.php', 5)
 2 SYSTEMPATH\View\View.php(224): include('C:\\xampp\\htdocs\\CrimsonSkillBoost-Web\\app\\Views\\course_view.php')
 3 SYSTEMPATH\View\View.php(227): CodeIgniter\View\View->CodeIgniter\View\{closure}()
 4 SYSTEMPATH\Common.php(1173): CodeIgniter\View\View->render('course_view', [], true)
 5 APPPATH\Controllers\Course.php(56): view('course_view', [...])
 6 SYSTEMPATH\CodeIgniter.php(933): App\Controllers\Course->view('5')
 7 SYSTEMPATH\CodeIgniter.php(507): CodeIgniter\CodeIgniter->runController(Object(App\Controllers\Course))
 8 SYSTEMPATH\CodeIgniter.php(354): CodeIgniter\CodeIgniter->handleRequest(null, Object(Config\Cache), false)
 9 SYSTEMPATH\Boot.php(334): CodeIgniter\CodeIgniter->run()
10 SYSTEMPATH\Boot.php(67): CodeIgniter\Boot::runCodeIgniter(Object(CodeIgniter\CodeIgniter))
11 FCPATH\index.php(56): CodeIgniter\Boot::bootWeb(Object(Config\Paths))
