CRITICAL - 2025-10-07 07:45:04 --> Error: Call to undefined function getQueryParam()
[Method: GET, Route: grading/preview_task]
in APPPATH\Views\grading\preview_task.php on line 268.
 1 SYSTEMPATH\View\View.php(224): include()
 2 SYSTEMPATH\View\View.php(227): CodeIgniter\View\View->CodeIgniter\View\{closure}()
 3 SYSTEMPATH\Common.php(1173): CodeIgniter\View\View->render('grading/preview_task', [], true)
 4 APPPATH\Controllers\GradingController.php(19): view('grading/preview_task', [...])
 5 SYSTEMPATH\CodeIgniter.php(933): App\Controllers\GradingController->previewTask()
 6 SYSTEMPATH\CodeIgniter.php(507): CodeIgniter\CodeIgniter->runController(Object(App\Controllers\GradingController))
 7 SYSTEMPATH\CodeIgniter.php(354): CodeIgniter\CodeIgniter->handleRequest(null, Object(Config\Cache), false)
 8 SYSTEMPATH\Boot.php(334): CodeIgniter\CodeIgniter->run()
 9 SYSTEMPATH\Boot.php(67): CodeIgniter\Boot::runCodeIgniter(Object(CodeIgniter\CodeIgniter))
10 FCPATH\index.php(56): CodeIgniter\Boot::bootWeb(Object(Config\Paths))
CRITICAL - 2025-10-07 07:48:54 --> Error: Call to undefined function getQueryParam()
[Method: GET, Route: grading/preview_quiz]
in APPPATH\Views\grading\preview_quiz.php on line 496.
 1 SYSTEMPATH\View\View.php(224): include()
 2 SYSTEMPATH\View\View.php(227): CodeIgniter\View\View->CodeIgniter\View\{closure}()
 3 SYSTEMPATH\Common.php(1173): CodeIgniter\View\View->render('grading/preview_quiz', [], true)
 4 APPPATH\Controllers\GradingController.php(11): view('grading/preview_quiz')
 5 SYSTEMPATH\CodeIgniter.php(933): App\Controllers\GradingController->previewQuiz()
 6 SYSTEMPATH\CodeIgniter.php(507): CodeIgniter\CodeIgniter->runController(Object(App\Controllers\GradingController))
 7 SYSTEMPATH\CodeIgniter.php(354): CodeIgniter\CodeIgniter->handleRequest(null, Object(Config\Cache), false)
 8 SYSTEMPATH\Boot.php(334): CodeIgniter\CodeIgniter->run()
 9 SYSTEMPATH\Boot.php(67): CodeIgniter\Boot::runCodeIgniter(Object(CodeIgniter\CodeIgniter))
10 FCPATH\index.php(56): CodeIgniter\Boot::bootWeb(Object(Config\Paths))
