CRITICAL - 2025-04-11 19:17:10 --> CodeIgniter\View\Exceptions\ViewException: Invalid file: "auth/setup_profile.php"
[Method: GET, Route: setup_profile]
in SYSTEMPATH\Exceptions\FrameworkException.php on line 39.
 1 SYSTEMPATH\View\View.php(212): CodeIgniter\Exceptions\FrameworkException::forInvalidFile('auth/setup_profile.php')
 2 SYSTEMPATH\Common.php(1173): CodeIgniter\View\View->render('auth/setup_profile', [], true)
 3 APPPATH\Controllers\Auth.php(62): view('auth/setup_profile')
 4 SYSTEMPATH\CodeIgniter.php(933): App\Controllers\Auth->setupProfile()
 5 SYSTEMPATH\CodeIgniter.php(507): CodeIgniter\CodeIgniter->runController(Object(App\Controllers\Auth))
 6 SYSTEMPATH\CodeIgniter.php(354): CodeIgniter\CodeIgniter->handleRequest(null, Object(Config\Cache), false)
 7 SYSTEMPATH\Boot.php(334): CodeIgniter\CodeIgniter->run()
 8 SYSTEMPATH\Boot.php(67): CodeIgniter\Boot::runCodeIgniter(Object(CodeIgniter\CodeIgniter))
 9 FCPATH\index.php(56): CodeIgniter\Boot::bootWeb(Object(Config\Paths))
CRITICAL - 2025-04-11 19:17:11 --> CodeIgniter\View\Exceptions\ViewException: Invalid file: "auth/setup_profile.php"
[Method: GET, Route: setup_profile]
in SYSTEMPATH\Exceptions\FrameworkException.php on line 39.
 1 SYSTEMPATH\View\View.php(212): CodeIgniter\Exceptions\FrameworkException::forInvalidFile('auth/setup_profile.php')
 2 SYSTEMPATH\Common.php(1173): CodeIgniter\View\View->render('auth/setup_profile', [], true)
 3 APPPATH\Controllers\Auth.php(62): view('auth/setup_profile')
 4 SYSTEMPATH\CodeIgniter.php(933): App\Controllers\Auth->setupProfile()
 5 SYSTEMPATH\CodeIgniter.php(507): CodeIgniter\CodeIgniter->runController(Object(App\Controllers\Auth))
 6 SYSTEMPATH\CodeIgniter.php(354): CodeIgniter\CodeIgniter->handleRequest(null, Object(Config\Cache), false)
 7 SYSTEMPATH\Boot.php(334): CodeIgniter\CodeIgniter->run()
 8 SYSTEMPATH\Boot.php(67): CodeIgniter\Boot::runCodeIgniter(Object(CodeIgniter\CodeIgniter))
 9 FCPATH\index.php(56): CodeIgniter\Boot::bootWeb(Object(Config\Paths))
CRITICAL - 2025-04-11 19:17:21 --> CodeIgniter\View\Exceptions\ViewException: Invalid file: "auth/verify_code.php"
[Method: GET, Route: verify_code]
in SYSTEMPATH\Exceptions\FrameworkException.php on line 39.
 1 SYSTEMPATH\View\View.php(212): CodeIgniter\Exceptions\FrameworkException::forInvalidFile('auth/verify_code.php')
 2 SYSTEMPATH\Common.php(1173): CodeIgniter\View\View->render('auth/verify_code', [], true)
 3 APPPATH\Controllers\Auth.php(57): view('auth/verify_code', [...])
 4 SYSTEMPATH\CodeIgniter.php(933): App\Controllers\Auth->verifyCodeInput()
 5 SYSTEMPATH\CodeIgniter.php(507): CodeIgniter\CodeIgniter->runController(Object(App\Controllers\Auth))
 6 SYSTEMPATH\CodeIgniter.php(354): CodeIgniter\CodeIgniter->handleRequest(null, Object(Config\Cache), false)
 7 SYSTEMPATH\Boot.php(334): CodeIgniter\CodeIgniter->run()
 8 SYSTEMPATH\Boot.php(67): CodeIgniter\Boot::runCodeIgniter(Object(CodeIgniter\CodeIgniter))
 9 FCPATH\index.php(56): CodeIgniter\Boot::bootWeb(Object(Config\Paths))
