CRITICAL - 2025-05-30 14:05:53 --> ArgumentCountError: Too few arguments to function App\Controllers\Task::assign(), 0 passed in C:\xampp\htdocs\CrimsonSkillBoost-Web\system\CodeIgniter.php on line 933 and exactly 1 expected
[Method: GET, Route: task/assign]
in APPPATH\Controllers\Task.php on line 26.
 1 SYSTEMPATH\CodeIgniter.php(933): App\Controllers\Task->assign()
 2 SYSTEMPATH\CodeIgniter.php(507): CodeIgniter\CodeIgniter->runController(Object(App\Controllers\Task))
 3 SYSTEMPATH\CodeIgniter.php(354): CodeIgniter\CodeIgniter->handleRequest(null, Object(Config\Cache), false)
 4 SYSTEMPATH\Boot.php(334): CodeIgniter\CodeIgniter->run()
 5 SYSTEMPATH\Boot.php(67): CodeIgniter\Boot::runCodeIgniter(Object(CodeIgniter\CodeIgniter))
 6 FCPATH\index.php(56): CodeIgniter\Boot::bootWeb(Object(Config\Paths))
CRITICAL - 2025-05-30 14:06:43 --> ArgumentCountError: Too few arguments to function App\Controllers\Task::assign(), 0 passed in C:\xampp\htdocs\CrimsonSkillBoost-Web\system\CodeIgniter.php on line 933 and exactly 1 expected
[Method: GET, Route: task/assign]
in APPPATH\Controllers\Task.php on line 26.
 1 SYSTEMPATH\CodeIgniter.php(933): App\Controllers\Task->assign()
 2 SYSTEMPATH\CodeIgniter.php(507): CodeIgniter\CodeIgniter->runController(Object(App\Controllers\Task))
 3 SYSTEMPATH\CodeIgniter.php(354): CodeIgniter\CodeIgniter->handleRequest(null, Object(Config\Cache), false)
 4 SYSTEMPATH\Boot.php(334): CodeIgniter\CodeIgniter->run()
 5 SYSTEMPATH\Boot.php(67): CodeIgniter\Boot::runCodeIgniter(Object(CodeIgniter\CodeIgniter))
 6 FCPATH\index.php(56): CodeIgniter\Boot::bootWeb(Object(Config\Paths))
CRITICAL - 2025-05-30 14:06:45 --> ArgumentCountError: Too few arguments to function App\Controllers\Task::assign(), 0 passed in C:\xampp\htdocs\CrimsonSkillBoost-Web\system\CodeIgniter.php on line 933 and exactly 1 expected
[Method: GET, Route: task/assign]
in APPPATH\Controllers\Task.php on line 26.
 1 SYSTEMPATH\CodeIgniter.php(933): App\Controllers\Task->assign()
 2 SYSTEMPATH\CodeIgniter.php(507): CodeIgniter\CodeIgniter->runController(Object(App\Controllers\Task))
 3 SYSTEMPATH\CodeIgniter.php(354): CodeIgniter\CodeIgniter->handleRequest(null, Object(Config\Cache), false)
 4 SYSTEMPATH\Boot.php(334): CodeIgniter\CodeIgniter->run()
 5 SYSTEMPATH\Boot.php(67): CodeIgniter\Boot::runCodeIgniter(Object(CodeIgniter\CodeIgniter))
 6 FCPATH\index.php(56): CodeIgniter\Boot::bootWeb(Object(Config\Paths))
CRITICAL - 2025-05-30 14:13:24 --> ArgumentCountError: Too few arguments to function App\Controllers\Task::assign(), 0 passed in C:\xampp\htdocs\CrimsonSkillBoost-Web\system\CodeIgniter.php on line 933 and exactly 1 expected
[Method: GET, Route: task/assign]
in APPPATH\Controllers\Task.php on line 26.
 1 SYSTEMPATH\CodeIgniter.php(933): App\Controllers\Task->assign()
 2 SYSTEMPATH\CodeIgniter.php(507): CodeIgniter\CodeIgniter->runController(Object(App\Controllers\Task))
 3 SYSTEMPATH\CodeIgniter.php(354): CodeIgniter\CodeIgniter->handleRequest(null, Object(Config\Cache), false)
 4 SYSTEMPATH\Boot.php(334): CodeIgniter\CodeIgniter->run()
 5 SYSTEMPATH\Boot.php(67): CodeIgniter\Boot::runCodeIgniter(Object(CodeIgniter\CodeIgniter))
 6 FCPATH\index.php(56): CodeIgniter\Boot::bootWeb(Object(Config\Paths))
CRITICAL - 2025-05-30 14:13:27 --> ArgumentCountError: Too few arguments to function App\Controllers\Task::assign(), 0 passed in C:\xampp\htdocs\CrimsonSkillBoost-Web\system\CodeIgniter.php on line 933 and exactly 1 expected
[Method: GET, Route: task/assign]
in APPPATH\Controllers\Task.php on line 26.
 1 SYSTEMPATH\CodeIgniter.php(933): App\Controllers\Task->assign()
 2 SYSTEMPATH\CodeIgniter.php(507): CodeIgniter\CodeIgniter->runController(Object(App\Controllers\Task))
 3 SYSTEMPATH\CodeIgniter.php(354): CodeIgniter\CodeIgniter->handleRequest(null, Object(Config\Cache), false)
 4 SYSTEMPATH\Boot.php(334): CodeIgniter\CodeIgniter->run()
 5 SYSTEMPATH\Boot.php(67): CodeIgniter\Boot::runCodeIgniter(Object(CodeIgniter\CodeIgniter))
 6 FCPATH\index.php(56): CodeIgniter\Boot::bootWeb(Object(Config\Paths))
