CRITICAL - 2025-06-20 14:29:03 --> Error: Class "Route" not found
[Method: GET, Route: coursesdescrip]
in APPPATH\Config\Routes.php on line 128.
 1 SYSTEMPATH\Router\RouteCollection.php(339): require()
 2 SYSTEMPATH\CodeIgniter.php(821): CodeIgniter\Router\RouteCollection->loadRoutes()
 3 SYSTEMPATH\CodeIgniter.php(455): CodeIgniter\CodeIgniter->tryToRouteIt(null)
 4 SYSTEMPATH\CodeIgniter.php(354): CodeIgniter\CodeIgniter->handleRequest(null, Object(Config\Cache), false)
 5 SYSTEMPATH\Boot.php(334): CodeIgniter\CodeIgniter->run()
 6 SYSTEMPATH\Boot.php(67): CodeIgniter\Boot::runCodeIgniter(Object(CodeIgniter\CodeIgniter))
 7 FCPATH\index.php(56): CodeIgniter\Boot::bootWeb(Object(Config\Paths))
CRITICAL - 2025-06-20 14:29:41 --> Error: Class "Route" not found
[Method: GET, Route: coursedescrip]
in APPPATH\Config\Routes.php on line 128.
 1 SYSTEMPATH\Router\RouteCollection.php(339): require()
 2 SYSTEMPATH\CodeIgniter.php(821): CodeIgniter\Router\RouteCollection->loadRoutes()
 3 SYSTEMPATH\CodeIgniter.php(455): CodeIgniter\CodeIgniter->tryToRouteIt(null)
 4 SYSTEMPATH\CodeIgniter.php(354): CodeIgniter\CodeIgniter->handleRequest(null, Object(Config\Cache), false)
 5 SYSTEMPATH\Boot.php(334): CodeIgniter\CodeIgniter->run()
 6 SYSTEMPATH\Boot.php(67): CodeIgniter\Boot::runCodeIgniter(Object(CodeIgniter\CodeIgniter))
 7 FCPATH\index.php(56): CodeIgniter\Boot::bootWeb(Object(Config\Paths))
CRITICAL - 2025-06-20 14:32:09 --> ErrorException: Undefined variable $router
[Method: GET, Route: coursedescrip]
in APPPATH\Config\Routes.php on line 127.
 1 APPPATH\Config\Routes.php(127): CodeIgniter\Debug\Exceptions->errorHandler(2, 'Undefined variable $router', 'D:\\xampp\\htdocs\\CrimsonSkillBoost-Web\\app\\Config\\Routes.php', 127)
 2 SYSTEMPATH\Router\RouteCollection.php(339): require('D:\\xampp\\htdocs\\CrimsonSkillBoost-Web\\app\\Config\\Routes.php')
 3 SYSTEMPATH\CodeIgniter.php(821): CodeIgniter\Router\RouteCollection->loadRoutes()
 4 SYSTEMPATH\CodeIgniter.php(455): CodeIgniter\CodeIgniter->tryToRouteIt(null)
 5 SYSTEMPATH\CodeIgniter.php(354): CodeIgniter\CodeIgniter->handleRequest(null, Object(Config\Cache), false)
 6 SYSTEMPATH\Boot.php(334): CodeIgniter\CodeIgniter->run()
 7 SYSTEMPATH\Boot.php(67): CodeIgniter\Boot::runCodeIgniter(Object(CodeIgniter\CodeIgniter))
 8 FCPATH\index.php(56): CodeIgniter\Boot::bootWeb(Object(Config\Paths))
CRITICAL - 2025-06-20 14:32:11 --> ErrorException: Undefined variable $router
[Method: GET, Route: coursesdescrip]
in APPPATH\Config\Routes.php on line 127.
 1 APPPATH\Config\Routes.php(127): CodeIgniter\Debug\Exceptions->errorHandler(2, 'Undefined variable $router', 'D:\\xampp\\htdocs\\CrimsonSkillBoost-Web\\app\\Config\\Routes.php', 127)
 2 SYSTEMPATH\Router\RouteCollection.php(339): require('D:\\xampp\\htdocs\\CrimsonSkillBoost-Web\\app\\Config\\Routes.php')
 3 SYSTEMPATH\CodeIgniter.php(821): CodeIgniter\Router\RouteCollection->loadRoutes()
 4 SYSTEMPATH\CodeIgniter.php(455): CodeIgniter\CodeIgniter->tryToRouteIt(null)
 5 SYSTEMPATH\CodeIgniter.php(354): CodeIgniter\CodeIgniter->handleRequest(null, Object(Config\Cache), false)
 6 SYSTEMPATH\Boot.php(334): CodeIgniter\CodeIgniter->run()
 7 SYSTEMPATH\Boot.php(67): CodeIgniter\Boot::runCodeIgniter(Object(CodeIgniter\CodeIgniter))
 8 FCPATH\index.php(56): CodeIgniter\Boot::bootWeb(Object(Config\Paths))
CRITICAL - 2025-06-20 14:34:04 --> ErrorException: Undefined variable $router
[Method: GET, Route: coursesdescrip]
in APPPATH\Config\Routes.php on line 127.
 1 APPPATH\Config\Routes.php(127): CodeIgniter\Debug\Exceptions->errorHandler(2, 'Undefined variable $router', 'D:\\xampp\\htdocs\\CrimsonSkillBoost-Web\\app\\Config\\Routes.php', 127)
 2 SYSTEMPATH\Router\RouteCollection.php(339): require('D:\\xampp\\htdocs\\CrimsonSkillBoost-Web\\app\\Config\\Routes.php')
 3 SYSTEMPATH\CodeIgniter.php(821): CodeIgniter\Router\RouteCollection->loadRoutes()
 4 SYSTEMPATH\CodeIgniter.php(455): CodeIgniter\CodeIgniter->tryToRouteIt(null)
 5 SYSTEMPATH\CodeIgniter.php(354): CodeIgniter\CodeIgniter->handleRequest(null, Object(Config\Cache), false)
 6 SYSTEMPATH\Boot.php(334): CodeIgniter\CodeIgniter->run()
 7 SYSTEMPATH\Boot.php(67): CodeIgniter\Boot::runCodeIgniter(Object(CodeIgniter\CodeIgniter))
 8 FCPATH\index.php(56): CodeIgniter\Boot::bootWeb(Object(Config\Paths))
CRITICAL - 2025-06-20 14:34:05 --> ErrorException: Undefined variable $router
[Method: GET, Route: coursedescrip]
in APPPATH\Config\Routes.php on line 127.
 1 APPPATH\Config\Routes.php(127): CodeIgniter\Debug\Exceptions->errorHandler(2, 'Undefined variable $router', 'D:\\xampp\\htdocs\\CrimsonSkillBoost-Web\\app\\Config\\Routes.php', 127)
 2 SYSTEMPATH\Router\RouteCollection.php(339): require('D:\\xampp\\htdocs\\CrimsonSkillBoost-Web\\app\\Config\\Routes.php')
 3 SYSTEMPATH\CodeIgniter.php(821): CodeIgniter\Router\RouteCollection->loadRoutes()
 4 SYSTEMPATH\CodeIgniter.php(455): CodeIgniter\CodeIgniter->tryToRouteIt(null)
 5 SYSTEMPATH\CodeIgniter.php(354): CodeIgniter\CodeIgniter->handleRequest(null, Object(Config\Cache), false)
 6 SYSTEMPATH\Boot.php(334): CodeIgniter\CodeIgniter->run()
 7 SYSTEMPATH\Boot.php(67): CodeIgniter\Boot::runCodeIgniter(Object(CodeIgniter\CodeIgniter))
 8 FCPATH\index.php(56): CodeIgniter\Boot::bootWeb(Object(Config\Paths))
CRITICAL - 2025-06-20 14:34:06 --> ErrorException: Undefined variable $router
[Method: GET, Route: coursedescrip]
in APPPATH\Config\Routes.php on line 127.
 1 APPPATH\Config\Routes.php(127): CodeIgniter\Debug\Exceptions->errorHandler(2, 'Undefined variable $router', 'D:\\xampp\\htdocs\\CrimsonSkillBoost-Web\\app\\Config\\Routes.php', 127)
 2 SYSTEMPATH\Router\RouteCollection.php(339): require('D:\\xampp\\htdocs\\CrimsonSkillBoost-Web\\app\\Config\\Routes.php')
 3 SYSTEMPATH\CodeIgniter.php(821): CodeIgniter\Router\RouteCollection->loadRoutes()
 4 SYSTEMPATH\CodeIgniter.php(455): CodeIgniter\CodeIgniter->tryToRouteIt(null)
 5 SYSTEMPATH\CodeIgniter.php(354): CodeIgniter\CodeIgniter->handleRequest(null, Object(Config\Cache), false)
 6 SYSTEMPATH\Boot.php(334): CodeIgniter\CodeIgniter->run()
 7 SYSTEMPATH\Boot.php(67): CodeIgniter\Boot::runCodeIgniter(Object(CodeIgniter\CodeIgniter))
 8 FCPATH\index.php(56): CodeIgniter\Boot::bootWeb(Object(Config\Paths))
CRITICAL - 2025-06-20 14:34:06 --> ErrorException: Undefined variable $router
[Method: GET, Route: coursedescrip]
in APPPATH\Config\Routes.php on line 127.
 1 APPPATH\Config\Routes.php(127): CodeIgniter\Debug\Exceptions->errorHandler(2, 'Undefined variable $router', 'D:\\xampp\\htdocs\\CrimsonSkillBoost-Web\\app\\Config\\Routes.php', 127)
 2 SYSTEMPATH\Router\RouteCollection.php(339): require('D:\\xampp\\htdocs\\CrimsonSkillBoost-Web\\app\\Config\\Routes.php')
 3 SYSTEMPATH\CodeIgniter.php(821): CodeIgniter\Router\RouteCollection->loadRoutes()
 4 SYSTEMPATH\CodeIgniter.php(455): CodeIgniter\CodeIgniter->tryToRouteIt(null)
 5 SYSTEMPATH\CodeIgniter.php(354): CodeIgniter\CodeIgniter->handleRequest(null, Object(Config\Cache), false)
 6 SYSTEMPATH\Boot.php(334): CodeIgniter\CodeIgniter->run()
 7 SYSTEMPATH\Boot.php(67): CodeIgniter\Boot::runCodeIgniter(Object(CodeIgniter\CodeIgniter))
 8 FCPATH\index.php(56): CodeIgniter\Boot::bootWeb(Object(Config\Paths))
