CRITICAL - 2025-05-22 06:43:02 --> CodeIgniter\View\Exceptions\ViewException: Invalid file: "courses/index.php"
[Method: GET, Route: course]
in SYSTEMPATH\Exceptions\FrameworkException.php on line 39.
 1 SYSTEMPATH\View\View.php(212): CodeIgniter\Exceptions\FrameworkException::forInvalidFile('courses/index.php')
 2 SYSTEMPATH\Common.php(1173): CodeIgniter\View\View->render('courses/index', [], true)
 3 APPPATH\Controllers\Course.php(15): view('courses/index', [...])
 4 SYSTEMPATH\CodeIgniter.php(933): App\Controllers\Course->index()
 5 SYSTEMPATH\CodeIgniter.php(507): CodeIgniter\CodeIgniter->runController(Object(App\Controllers\Course))
 6 SYSTEMPATH\CodeIgniter.php(354): CodeIgniter\CodeIgniter->handleRequest(null, Object(Config\Cache), false)
 7 SYSTEMPATH\Boot.php(334): CodeIgniter\CodeIgniter->run()
 8 SYSTEMPATH\Boot.php(67): CodeIgniter\Boot::runCodeIgniter(Object(CodeIgniter\CodeIgniter))
 9 FCPATH\index.php(56): CodeIgniter\Boot::bootWeb(Object(Config\Paths))
CRITICAL - 2025-05-22 07:30:35 --> CodeIgniter\View\Exceptions\ViewException: Invalid file: "courses/index.php"
[Method: GET, Route: course]
in SYSTEMPATH\Exceptions\FrameworkException.php on line 39.
 1 SYSTEMPATH\View\View.php(212): CodeIgniter\Exceptions\FrameworkException::forInvalidFile('courses/index.php')
 2 SYSTEMPATH\Common.php(1173): CodeIgniter\View\View->render('courses/index', [], true)
 3 APPPATH\Controllers\Course.php(15): view('courses/index', [...])
 4 SYSTEMPATH\CodeIgniter.php(933): App\Controllers\Course->index()
 5 SYSTEMPATH\CodeIgniter.php(507): CodeIgniter\CodeIgniter->runController(Object(App\Controllers\Course))
 6 SYSTEMPATH\CodeIgniter.php(354): CodeIgniter\CodeIgniter->handleRequest(null, Object(Config\Cache), false)
 7 SYSTEMPATH\Boot.php(334): CodeIgniter\CodeIgniter->run()
 8 SYSTEMPATH\Boot.php(67): CodeIgniter\Boot::runCodeIgniter(Object(CodeIgniter\CodeIgniter))
 9 FCPATH\index.php(56): CodeIgniter\Boot::bootWeb(Object(Config\Paths))
CRITICAL - 2025-05-22 07:30:45 --> CodeIgniter\View\Exceptions\ViewException: Invalid file: "courses/index.php"
[Method: GET, Route: course]
in SYSTEMPATH\Exceptions\FrameworkException.php on line 39.
 1 SYSTEMPATH\View\View.php(212): CodeIgniter\Exceptions\FrameworkException::forInvalidFile('courses/index.php')
 2 SYSTEMPATH\Common.php(1173): CodeIgniter\View\View->render('courses/index', [], true)
 3 APPPATH\Controllers\Course.php(15): view('courses/index', [...])
 4 SYSTEMPATH\CodeIgniter.php(933): App\Controllers\Course->index()
 5 SYSTEMPATH\CodeIgniter.php(507): CodeIgniter\CodeIgniter->runController(Object(App\Controllers\Course))
 6 SYSTEMPATH\CodeIgniter.php(354): CodeIgniter\CodeIgniter->handleRequest(null, Object(Config\Cache), false)
 7 SYSTEMPATH\Boot.php(334): CodeIgniter\CodeIgniter->run()
 8 SYSTEMPATH\Boot.php(67): CodeIgniter\Boot::runCodeIgniter(Object(CodeIgniter\CodeIgniter))
 9 FCPATH\index.php(56): CodeIgniter\Boot::bootWeb(Object(Config\Paths))
